\BOOKMARK [0][-]{chapter.1}{Objectives}{}% 1
\BOOKMARK [1][-]{section.1.1}{ Website and User Interface}{chapter.1}% 2
\BOOKMARK [1][-]{section.1.2}{ Reliable Back-End Server }{chapter.1}% 3
\BOOKMARK [1][-]{section.1.3}{ RESTful Application Program Interface \(APIs\) }{chapter.1}% 4
\BOOKMARK [1][-]{section.1.4}{ Poller }{chapter.1}% 5
\BOOKMARK [1][-]{section.1.5}{ Simulator }{chapter.1}% 6
\BOOKMARK [0][-]{chapter.2}{Introduction}{}% 7
\BOOKMARK [1][-]{section.2.1}{What we planned to build?}{chapter.2}% 8
\BOOKMARK [1][-]{section.2.2}{User Interface}{chapter.2}% 9
\BOOKMARK [1][-]{section.2.3}{Initial assessment for server framework}{chapter.2}% 10
\BOOKMARK [1][-]{section.2.4}{Installation and Integration}{chapter.2}% 11
\BOOKMARK [1][-]{section.2.5}{Database Design and APIs}{chapter.2}% 12
\BOOKMARK [1][-]{section.2.6}{Raspberry Pi Introduction}{chapter.2}% 13
\BOOKMARK [1][-]{section.2.7}{Polling Code}{chapter.2}% 14
\BOOKMARK [1][-]{section.2.8}{Video Streaming Technology}{chapter.2}% 15
\BOOKMARK [1][-]{section.2.9}{Raspberry Pi Camera and UV4L Streaming server}{chapter.2}% 16
\BOOKMARK [1][-]{section.2.10}{Tech Stack}{chapter.2}% 17
\BOOKMARK [0][-]{chapter.3}{Work Done}{}% 18
\BOOKMARK [1][-]{section.3.1}{User Interface}{chapter.3}% 19
\BOOKMARK [2][-]{subsection.3.1.1}{Initial Assessment}{section.3.1}% 20
\BOOKMARK [2][-]{subsection.3.1.2}{Final Module}{section.3.1}% 21
\BOOKMARK [1][-]{section.3.2}{Backend and Server}{chapter.3}% 22
\BOOKMARK [2][-]{subsection.3.2.1}{Initial Assessment}{section.3.2}% 23
\BOOKMARK [2][-]{subsection.3.2.2}{Detailed Description}{section.3.2}% 24
\BOOKMARK [2][-]{subsection.3.2.3}{Final Module}{section.3.2}% 25
\BOOKMARK [1][-]{section.3.3}{APIs Built}{chapter.3}% 26
\BOOKMARK [2][-]{subsection.3.3.1}{Initial Assessment}{section.3.3}% 27
\BOOKMARK [2][-]{subsection.3.3.2}{Final Module}{section.3.3}% 28
\BOOKMARK [1][-]{section.3.4}{Polling and Simulator}{chapter.3}% 29
\BOOKMARK [2][-]{subsection.3.4.1}{Initial Assessment}{section.3.4}% 30
\BOOKMARK [2][-]{subsection.3.4.2}{Detailed Description}{section.3.4}% 31
\BOOKMARK [2][-]{subsection.3.4.3}{Final Module}{section.3.4}% 32
\BOOKMARK [1][-]{section.3.5}{Video Streaming}{chapter.3}% 33
\BOOKMARK [2][-]{subsection.3.5.1}{Initial Assessment}{section.3.5}% 34
\BOOKMARK [2][-]{subsection.3.5.2}{Detailed Description}{section.3.5}% 35
\BOOKMARK [2][-]{subsection.3.5.3}{Final Module}{section.3.5}% 36
\BOOKMARK [0][-]{chapter.4}{Future Scope}{}% 37
\BOOKMARK [1][-]{section.4.1}{User Interface}{chapter.4}% 38
\BOOKMARK [1][-]{section.4.2}{Record a recipe}{chapter.4}% 39
\BOOKMARK [1][-]{section.4.3}{Hosting a Local Network on the Robot}{chapter.4}% 40
\BOOKMARK [1][-]{section.4.4}{User Login through OTP}{chapter.4}% 41
\BOOKMARK [0][-]{chapter.5}{Conclusion}{}% 42
\BOOKMARK [0][-]{section*.2}{Acknowledgements}{}% 43
\BOOKMARK [0][-]{section*.4}{References}{}% 44
